c:\users\liyey\desktop\mayaplugin\mayaplugin\debug\vc143.pdb
c:\users\liyey\desktop\mayaplugin\mayaplugin\debug\vc143.idb
c:\users\liyey\desktop\mayaplugin\mayaplugin\debug\mayaviewer.obj
c:\users\liyey\desktop\mayaplugin\mayaplugin\debug\mayaviewer.exe
c:\users\liyey\desktop\mayaplugin\mayaplugin\debug\mayaviewer.ilk
c:\users\liyey\desktop\mayaplugin\mayaplugin\debug\mayaviewer.pdb
c:\users\liyey\desktop\mayaplugin\mayaplugin\debug\mayaviewer.lib
c:\users\liyey\desktop\mayaplugin\mayaplugin\debug\mayaviewer.exp
c:\users\liyey\desktop\new folder (7)\mayaplugin\debug\mayaviewer.obj
c:\users\liyey\desktop\new folder (7)\mayaplugin\debug\mayaviewer.ilk
c:\users\liyey\desktop\new folder (7)\mayaplugin\debug\mayaviewer.exp
c:\users\liyey\desktop\new folder (7)\mayaplugin\debug\vc143.idb
c:\users\liyey\desktop\new folder (7)\mayaplugin\debug\mayaviewer.pdb
c:\users\liyey\desktop\new folder (7)\mayaplugin\debug\vc143.pdb
c:\users\liyey\desktop\new folder (7)\mayaplugin\debug\mayaviewer.exe
c:\users\liyey\desktop\new folder (7)\mayaplugin\debug\mayaviewer.tlog\cl.command.1.tlog
c:\users\liyey\desktop\new folder (7)\mayaplugin\debug\mayaviewer.tlog\cl.read.1.tlog
c:\users\liyey\desktop\new folder (7)\mayaplugin\debug\mayaviewer.tlog\cl.write.1.tlog
c:\users\liyey\desktop\new folder (7)\mayaplugin\debug\mayaviewer.tlog\link.command.1.tlog
c:\users\liyey\desktop\new folder (7)\mayaplugin\debug\mayaviewer.tlog\link.read.1.tlog
c:\users\liyey\desktop\new folder (7)\mayaplugin\debug\mayaviewer.tlog\link.write.1.tlog
c:\users\liyey\desktop\new folder (7)\mayaplugin\debug\mayaviewer.tlog\mayaviewer.write.1u.tlog
